<?xml version="1.0" encoding="utf-8"?>
<test-run id="2" testcasecount="10" result="Passed" total="10" passed="10" failed="0" inconclusive="0" skipped="0" asserts="0" engine-version="3.5.0.0" clr-version="4.0.30319.42000" start-time="2025-07-25 07:06:04Z" end-time="2025-07-25 07:06:04Z" duration="0.1292936">
  <test-suite type="TestSuite" id="1019" name="MR-Cube" fullname="MR-Cube" runstate="Runnable" testcasecount="10" result="Passed" start-time="2025-07-25 07:06:04Z" end-time="2025-07-25 07:06:04Z" duration="0.129294" total="10" passed="10" failed="0" inconclusive="0" skipped="0" asserts="0">
    <properties>
      <property name="platform" value="PlayMode" />
    </properties>
    <test-suite type="Assembly" id="1012" name="MRCube.Tests.Runtime.Basic.dll" fullname="/Users/joshuapatterson/Coding/MR-Cube/Library/ScriptAssemblies/MRCube.Tests.Runtime.Basic.dll" runstate="Runnable" testcasecount="10" result="Passed" start-time="2025-07-25 07:06:04Z" end-time="2025-07-25 07:06:04Z" duration="0.124724" total="10" passed="10" failed="0" inconclusive="0" skipped="0" asserts="0">
      <properties>
        <property name="_PID" value="35432" />
        <property name="_APPDOMAIN" value="Unity Child Domain" />
        <property name="platform" value="PlayMode" />
        <property name="EditorOnly" value="False" />
      </properties>
      <test-suite type="TestSuite" id="1013" name="MRCube" fullname="MRCube" runstate="Runnable" testcasecount="10" result="Passed" start-time="2025-07-25 07:06:04Z" end-time="2025-07-25 07:06:04Z" duration="0.124259" total="10" passed="10" failed="0" inconclusive="0" skipped="0" asserts="0">
        <properties />
        <test-suite type="TestSuite" id="1014" name="Tests" fullname="MRCube.Tests" runstate="Runnable" testcasecount="10" result="Passed" start-time="2025-07-25 07:06:04Z" end-time="2025-07-25 07:06:04Z" duration="0.123978" total="10" passed="10" failed="0" inconclusive="0" skipped="0" asserts="0">
          <properties />
          <test-suite type="TestSuite" id="1015" name="Runtime" fullname="MRCube.Tests.Runtime" runstate="Runnable" testcasecount="10" result="Passed" start-time="2025-07-25 07:06:04Z" end-time="2025-07-25 07:06:04Z" duration="0.123749" total="10" passed="10" failed="0" inconclusive="0" skipped="0" asserts="0">
            <properties />
            <test-suite type="TestFixture" id="1001" name="BasicRuntimeTests" fullname="MRCube.Tests.Runtime.BasicRuntimeTests" classname="MRCube.Tests.Runtime.BasicRuntimeTests" runstate="Runnable" testcasecount="10" result="Passed" start-time="2025-07-25 07:06:04Z" end-time="2025-07-25 07:06:04Z" duration="0.123079" total="10" passed="10" failed="0" inconclusive="0" skipped="0" asserts="0">
              <properties />
              <test-case id="1011" name="Application_PropertiesAccessible" fullname="MRCube.Tests.Runtime.BasicRuntimeTests.Application_PropertiesAccessible" methodname="Application_PropertiesAccessible" classname="MRCube.Tests.Runtime.BasicRuntimeTests" runstate="Runnable" seed="191160433" result="Passed" start-time="2025-07-25 07:06:04Z" end-time="2025-07-25 07:06:04Z" duration="0.006567" asserts="0">
                <properties>
                  <property name="retryIteration" value="0" />
                  <property name="repeatIteration" value="0" />
                </properties>
                <output><![CDATA[App info: MR-Cube v1.0.0 by Joshua Patterson Dev
]]></output>
              </test-case>
              <test-case id="1005" name="Coroutine_WorksProperly" fullname="MRCube.Tests.Runtime.BasicRuntimeTests.Coroutine_WorksProperly" methodname="Coroutine_WorksProperly" classname="MRCube.Tests.Runtime.BasicRuntimeTests" runstate="Runnable" seed="1796602809" result="Passed" start-time="2025-07-25 07:06:04Z" end-time="2025-07-25 07:06:04Z" duration="0.104070" asserts="0">
                <properties>
                  <property name="_JOINTYPE" value="UnityCombinatorial" />
                  <property name="retryIteration" value="0" />
                  <property name="repeatIteration" value="0" />
                </properties>
              </test-case>
              <test-case id="1009" name="Debug_LogWorks" fullname="MRCube.Tests.Runtime.BasicRuntimeTests.Debug_LogWorks" methodname="Debug_LogWorks" classname="MRCube.Tests.Runtime.BasicRuntimeTests" runstate="Runnable" seed="190039014" result="Passed" start-time="2025-07-25 07:06:04Z" end-time="2025-07-25 07:06:04Z" duration="0.000598" asserts="0">
                <properties>
                  <property name="retryIteration" value="0" />
                  <property name="repeatIteration" value="0" />
                </properties>
                <output><![CDATA[Test log message from BasicRuntimeTests
]]></output>
              </test-case>
              <test-case id="1003" name="GameObject_CanBeCreated" fullname="MRCube.Tests.Runtime.BasicRuntimeTests.GameObject_CanBeCreated" methodname="GameObject_CanBeCreated" classname="MRCube.Tests.Runtime.BasicRuntimeTests" runstate="Runnable" seed="1812903849" result="Passed" start-time="2025-07-25 07:06:04Z" end-time="2025-07-25 07:06:04Z" duration="0.001261" asserts="0">
                <properties>
                  <property name="retryIteration" value="0" />
                  <property name="repeatIteration" value="0" />
                </properties>
              </test-case>
              <test-case id="1004" name="MonoBehaviour_CanBeAdded" fullname="MRCube.Tests.Runtime.BasicRuntimeTests.MonoBehaviour_CanBeAdded" methodname="MonoBehaviour_CanBeAdded" classname="MRCube.Tests.Runtime.BasicRuntimeTests" runstate="Runnable" seed="226636754" result="Passed" start-time="2025-07-25 07:06:04Z" end-time="2025-07-25 07:06:04Z" duration="0.000347" asserts="0">
                <properties>
                  <property name="retryIteration" value="0" />
                  <property name="repeatIteration" value="0" />
                </properties>
              </test-case>
              <test-case id="1006" name="MRCube_Namespace_Exists" fullname="MRCube.Tests.Runtime.BasicRuntimeTests.MRCube_Namespace_Exists" methodname="MRCube_Namespace_Exists" classname="MRCube.Tests.Runtime.BasicRuntimeTests" runstate="Runnable" seed="1018557850" result="Passed" start-time="2025-07-25 07:06:04Z" end-time="2025-07-25 07:06:04Z" duration="0.000251" asserts="0">
                <properties>
                  <property name="retryIteration" value="0" />
                  <property name="repeatIteration" value="0" />
                </properties>
              </test-case>
              <test-case id="1007" name="Random_FunctionsWork" fullname="MRCube.Tests.Runtime.BasicRuntimeTests.Random_FunctionsWork" methodname="Random_FunctionsWork" classname="MRCube.Tests.Runtime.BasicRuntimeTests" runstate="Runnable" seed="189948709" result="Passed" start-time="2025-07-25 07:06:04Z" end-time="2025-07-25 07:06:04Z" duration="0.000109" asserts="0">
                <properties>
                  <property name="retryIteration" value="0" />
                  <property name="repeatIteration" value="0" />
                </properties>
              </test-case>
              <test-case id="1010" name="Time_IsProgressing" fullname="MRCube.Tests.Runtime.BasicRuntimeTests.Time_IsProgressing" methodname="Time_IsProgressing" classname="MRCube.Tests.Runtime.BasicRuntimeTests" runstate="Runnable" seed="81295111" result="Passed" start-time="2025-07-25 07:06:04Z" end-time="2025-07-25 07:06:04Z" duration="0.000086" asserts="0">
                <properties>
                  <property name="retryIteration" value="0" />
                  <property name="repeatIteration" value="0" />
                </properties>
              </test-case>
              <test-case id="1002" name="Unity_IsRunning" fullname="MRCube.Tests.Runtime.BasicRuntimeTests.Unity_IsRunning" methodname="Unity_IsRunning" classname="MRCube.Tests.Runtime.BasicRuntimeTests" runstate="Runnable" seed="1459151035" result="Passed" start-time="2025-07-25 07:06:04Z" end-time="2025-07-25 07:06:04Z" duration="0.000057" asserts="0">
                <properties>
                  <property name="retryIteration" value="0" />
                  <property name="repeatIteration" value="0" />
                </properties>
              </test-case>
              <test-case id="1008" name="Vector3_MathWorks" fullname="MRCube.Tests.Runtime.BasicRuntimeTests.Vector3_MathWorks" methodname="Vector3_MathWorks" classname="MRCube.Tests.Runtime.BasicRuntimeTests" runstate="Runnable" seed="1762722290" result="Passed" start-time="2025-07-25 07:06:04Z" end-time="2025-07-25 07:06:04Z" duration="0.002188" asserts="0">
                <properties>
                  <property name="retryIteration" value="0" />
                  <property name="repeatIteration" value="0" />
                </properties>
                <output><![CDATA[Saving results to: /Users/joshuapatterson/Library/Application Support/Joshua Patterson Dev/MR-Cube/TestResults.xml
]]></output>
              </test-case>
            </test-suite>
          </test-suite>
        </test-suite>
      </test-suite>
    </test-suite>
  </test-suite>
</test-run>