<?xml version="1.0" encoding="utf-8"?>
<test-run id="2" testcasecount="10" result="Passed" total="10" passed="10" failed="0" inconclusive="0" skipped="0" asserts="0" engine-version="3.5.0.0" clr-version="4.0.30319.42000" start-time="2025-07-25 08:53:16Z" end-time="2025-07-25 08:53:16Z" duration="0.1271706">
  <test-suite type="TestSuite" id="1019" name="MR-Cube" fullname="MR-Cube" runstate="Runnable" testcasecount="10" result="Passed" start-time="2025-07-25 08:53:16Z" end-time="2025-07-25 08:53:16Z" duration="0.127171" total="10" passed="10" failed="0" inconclusive="0" skipped="0" asserts="0">
    <properties>
      <property name="platform" value="PlayMode" />
    </properties>
    <test-suite type="Assembly" id="1012" name="RuntimeTests.dll" fullname="/Users/joshuapatterson/Coding/MR-Cube/Library/ScriptAssemblies/RuntimeTests.dll" runstate="Runnable" testcasecount="10" result="Passed" start-time="2025-07-25 08:53:16Z" end-time="2025-07-25 08:53:16Z" duration="0.123074" total="10" passed="10" failed="0" inconclusive="0" skipped="0" asserts="0">
      <properties>
        <property name="_PID" value="54296" />
        <property name="_APPDOMAIN" value="Unity Child Domain" />
        <property name="platform" value="PlayMode" />
        <property name="EditorOnly" value="False" />
      </properties>
      <test-suite type="TestSuite" id="1013" name="MRCube" fullname="MRCube" runstate="Runnable" testcasecount="10" result="Passed" start-time="2025-07-25 08:53:16Z" end-time="2025-07-25 08:53:16Z" duration="0.122654" total="10" passed="10" failed="0" inconclusive="0" skipped="0" asserts="0">
        <properties />
        <test-suite type="TestSuite" id="1014" name="Tests" fullname="MRCube.Tests" runstate="Runnable" testcasecount="10" result="Passed" start-time="2025-07-25 08:53:16Z" end-time="2025-07-25 08:53:16Z" duration="0.122329" total="10" passed="10" failed="0" inconclusive="0" skipped="0" asserts="0">
          <properties />
          <test-suite type="TestSuite" id="1015" name="Runtime" fullname="MRCube.Tests.Runtime" runstate="Runnable" testcasecount="10" result="Passed" start-time="2025-07-25 08:53:16Z" end-time="2025-07-25 08:53:16Z" duration="0.122104" total="10" passed="10" failed="0" inconclusive="0" skipped="0" asserts="0">
            <properties />
            <test-suite type="TestFixture" id="1001" name="BasicRuntimeTests" fullname="MRCube.Tests.Runtime.BasicRuntimeTests" classname="MRCube.Tests.Runtime.BasicRuntimeTests" runstate="Runnable" testcasecount="10" result="Passed" start-time="2025-07-25 08:53:16Z" end-time="2025-07-25 08:53:16Z" duration="0.121465" total="10" passed="10" failed="0" inconclusive="0" skipped="0" asserts="0">
              <properties />
              <test-case id="1011" name="Application_PropertiesAccessible" fullname="MRCube.Tests.Runtime.BasicRuntimeTests.Application_PropertiesAccessible" methodname="Application_PropertiesAccessible" classname="MRCube.Tests.Runtime.BasicRuntimeTests" runstate="Runnable" seed="1063963457" result="Passed" start-time="2025-07-25 08:53:16Z" end-time="2025-07-25 08:53:16Z" duration="0.005608" asserts="0">
                <properties>
                  <property name="retryIteration" value="0" />
                  <property name="repeatIteration" value="0" />
                </properties>
              </test-case>
              <test-case id="1005" name="Coroutine_WorksProperly" fullname="MRCube.Tests.Runtime.BasicRuntimeTests.Coroutine_WorksProperly" methodname="Coroutine_WorksProperly" classname="MRCube.Tests.Runtime.BasicRuntimeTests" runstate="Runnable" seed="2134438868" result="Passed" start-time="2025-07-25 08:53:16Z" end-time="2025-07-25 08:53:16Z" duration="0.103140" asserts="0">
                <properties>
                  <property name="_JOINTYPE" value="UnityCombinatorial" />
                  <property name="retryIteration" value="0" />
                  <property name="repeatIteration" value="0" />
                </properties>
              </test-case>
              <test-case id="1009" name="Debug_LogWorks" fullname="MRCube.Tests.Runtime.BasicRuntimeTests.Debug_LogWorks" methodname="Debug_LogWorks" classname="MRCube.Tests.Runtime.BasicRuntimeTests" runstate="Runnable" seed="1010828533" result="Passed" start-time="2025-07-25 08:53:16Z" end-time="2025-07-25 08:53:16Z" duration="0.002796" asserts="0">
                <properties>
                  <property name="retryIteration" value="0" />
                  <property name="repeatIteration" value="0" />
                </properties>
                <reason>
                  <message><![CDATA[Debug.Log executed without error]]></message>
                </reason>
                <output><![CDATA[Test log message
]]></output>
              </test-case>
              <test-case id="1003" name="GameObject_CanBeCreated" fullname="MRCube.Tests.Runtime.BasicRuntimeTests.GameObject_CanBeCreated" methodname="GameObject_CanBeCreated" classname="MRCube.Tests.Runtime.BasicRuntimeTests" runstate="Runnable" seed="2130099951" result="Passed" start-time="2025-07-25 08:53:16Z" end-time="2025-07-25 08:53:16Z" duration="0.001594" asserts="0">
                <properties>
                  <property name="retryIteration" value="0" />
                  <property name="repeatIteration" value="0" />
                </properties>
              </test-case>
              <test-case id="1004" name="MonoBehaviour_CanBeAdded" fullname="MRCube.Tests.Runtime.BasicRuntimeTests.MonoBehaviour_CanBeAdded" methodname="MonoBehaviour_CanBeAdded" classname="MRCube.Tests.Runtime.BasicRuntimeTests" runstate="Runnable" seed="699523453" result="Passed" start-time="2025-07-25 08:53:16Z" end-time="2025-07-25 08:53:16Z" duration="0.000228" asserts="0">
                <properties>
                  <property name="retryIteration" value="0" />
                  <property name="repeatIteration" value="0" />
                </properties>
              </test-case>
              <test-case id="1006" name="MRCube_Namespace_Exists" fullname="MRCube.Tests.Runtime.BasicRuntimeTests.MRCube_Namespace_Exists" methodname="MRCube_Namespace_Exists" classname="MRCube.Tests.Runtime.BasicRuntimeTests" runstate="Runnable" seed="576561896" result="Passed" start-time="2025-07-25 08:53:16Z" end-time="2025-07-25 08:53:16Z" duration="0.000060" asserts="0">
                <properties>
                  <property name="retryIteration" value="0" />
                  <property name="repeatIteration" value="0" />
                </properties>
              </test-case>
              <test-case id="1007" name="Random_FunctionsWork" fullname="MRCube.Tests.Runtime.BasicRuntimeTests.Random_FunctionsWork" methodname="Random_FunctionsWork" classname="MRCube.Tests.Runtime.BasicRuntimeTests" runstate="Runnable" seed="670385333" result="Passed" start-time="2025-07-25 08:53:16Z" end-time="2025-07-25 08:53:16Z" duration="0.000087" asserts="0">
                <properties>
                  <property name="retryIteration" value="0" />
                  <property name="repeatIteration" value="0" />
                </properties>
              </test-case>
              <test-case id="1010" name="Time_IsProgressing" fullname="MRCube.Tests.Runtime.BasicRuntimeTests.Time_IsProgressing" methodname="Time_IsProgressing" classname="MRCube.Tests.Runtime.BasicRuntimeTests" runstate="Runnable" seed="1019275972" result="Passed" start-time="2025-07-25 08:53:16Z" end-time="2025-07-25 08:53:16Z" duration="0.000069" asserts="0">
                <properties>
                  <property name="retryIteration" value="0" />
                  <property name="repeatIteration" value="0" />
                </properties>
              </test-case>
              <test-case id="1002" name="Unity_IsRunning" fullname="MRCube.Tests.Runtime.BasicRuntimeTests.Unity_IsRunning" methodname="Unity_IsRunning" classname="MRCube.Tests.Runtime.BasicRuntimeTests" runstate="Runnable" seed="10106482" result="Passed" start-time="2025-07-25 08:53:16Z" end-time="2025-07-25 08:53:16Z" duration="0.000056" asserts="0">
                <properties>
                  <property name="retryIteration" value="0" />
                  <property name="repeatIteration" value="0" />
                </properties>
              </test-case>
              <test-case id="1008" name="Vector3_MathWorks" fullname="MRCube.Tests.Runtime.BasicRuntimeTests.Vector3_MathWorks" methodname="Vector3_MathWorks" classname="MRCube.Tests.Runtime.BasicRuntimeTests" runstate="Runnable" seed="142800978" result="Passed" start-time="2025-07-25 08:53:16Z" end-time="2025-07-25 08:53:16Z" duration="0.000651" asserts="0">
                <properties>
                  <property name="retryIteration" value="0" />
                  <property name="repeatIteration" value="0" />
                </properties>
                <output><![CDATA[Saving results to: /Users/joshuapatterson/Library/Application Support/Joshua Patterson Dev/MR-Cube/TestResults.xml
]]></output>
              </test-case>
            </test-suite>
          </test-suite>
        </test-suite>
      </test-suite>
    </test-suite>
  </test-suite>
</test-run>