<?xml version="1.0" encoding="utf-8"?>
<test-run id="2" testcasecount="16" result="Passed" total="16" passed="16" failed="0" inconclusive="0" skipped="0" asserts="0" engine-version="3.5.0.0" clr-version="4.0.30319.42000" start-time="2025-07-25 08:54:27Z" end-time="2025-07-25 08:54:27Z" duration="0.0334699">
  <test-suite type="TestSuite" id="1000" name="MR-Cube" fullname="MR-Cube" runstate="Runnable" testcasecount="16" result="Passed" start-time="2025-07-25 08:54:27Z" end-time="2025-07-25 08:54:27Z" duration="0.033470" total="16" passed="16" failed="0" inconclusive="0" skipped="0" asserts="0">
    <properties>
      <property name="platform" value="EditMode" />
    </properties>
    <test-suite type="Assembly" id="1018" name="MRCube.Tests.Editor.dll" fullname="/Users/joshuapatterson/Coding/MR-Cube/Library/ScriptAssemblies/MRCube.Tests.Editor.dll" runstate="Runnable" testcasecount="16" result="Passed" start-time="2025-07-25 08:54:27Z" end-time="2025-07-25 08:54:27Z" duration="0.026048" total="16" passed="16" failed="0" inconclusive="0" skipped="0" asserts="0">
      <properties>
        <property name="_PID" value="54736" />
        <property name="_APPDOMAIN" value="Unity Child Domain" />
        <property name="platform" value="EditMode" />
        <property name="EditorOnly" value="True" />
      </properties>
      <test-suite type="TestSuite" id="1019" name="MRCube" fullname="MRCube" runstate="Runnable" testcasecount="16" result="Passed" start-time="2025-07-25 08:54:27Z" end-time="2025-07-25 08:54:27Z" duration="0.025406" total="16" passed="16" failed="0" inconclusive="0" skipped="0" asserts="0">
        <properties />
        <test-suite type="TestSuite" id="1020" name="Tests" fullname="MRCube.Tests" runstate="Runnable" testcasecount="16" result="Passed" start-time="2025-07-25 08:54:27Z" end-time="2025-07-25 08:54:27Z" duration="0.025017" total="16" passed="16" failed="0" inconclusive="0" skipped="0" asserts="0">
          <properties />
          <test-suite type="TestSuite" id="1021" name="Editor" fullname="MRCube.Tests.Editor" runstate="Runnable" testcasecount="16" result="Passed" start-time="2025-07-25 08:54:27Z" end-time="2025-07-25 08:54:27Z" duration="0.024555" total="16" passed="16" failed="0" inconclusive="0" skipped="0" asserts="0">
            <properties />
            <test-suite type="TestFixture" id="1001" name="BuildValidationTests" fullname="MRCube.Tests.Editor.BuildValidationTests" classname="MRCube.Tests.Editor.BuildValidationTests" runstate="Runnable" testcasecount="16" result="Passed" start-time="2025-07-25 08:54:27Z" end-time="2025-07-25 08:54:27Z" duration="0.023417" total="16" passed="16" failed="0" inconclusive="0" skipped="0" asserts="0">
              <properties />
              <test-case id="1007" name="Android_HasCorrectArchitecture" fullname="MRCube.Tests.Editor.BuildValidationTests.Android_HasCorrectArchitecture" methodname="Android_HasCorrectArchitecture" classname="MRCube.Tests.Editor.BuildValidationTests" runstate="Runnable" seed="1390952059" result="Passed" start-time="2025-07-25 08:54:27Z" end-time="2025-07-25 08:54:27Z" duration="0.007255" asserts="0">
                <properties>
                  <property name="retryIteration" value="0" />
                  <property name="repeatIteration" value="0" />
                </properties>
              </test-case>
              <test-case id="1005" name="Android_HasCorrectMinSDKVersion" fullname="MRCube.Tests.Editor.BuildValidationTests.Android_HasCorrectMinSDKVersion" methodname="Android_HasCorrectMinSDKVersion" classname="MRCube.Tests.Editor.BuildValidationTests" runstate="Runnable" seed="751294669" result="Passed" start-time="2025-07-25 08:54:27Z" end-time="2025-07-25 08:54:27Z" duration="0.001525" asserts="0">
                <properties>
                  <property name="retryIteration" value="0" />
                  <property name="repeatIteration" value="0" />
                </properties>
              </test-case>
              <test-case id="1006" name="Android_HasCorrectTargetSDKVersion" fullname="MRCube.Tests.Editor.BuildValidationTests.Android_HasCorrectTargetSDKVersion" methodname="Android_HasCorrectTargetSDKVersion" classname="MRCube.Tests.Editor.BuildValidationTests" runstate="Runnable" seed="984750200" result="Passed" start-time="2025-07-25 08:54:27Z" end-time="2025-07-25 08:54:27Z" duration="0.000074" asserts="0">
                <properties>
                  <property name="retryIteration" value="0" />
                  <property name="repeatIteration" value="0" />
                </properties>
              </test-case>
              <test-case id="1009" name="AndroidManifest_Exists" fullname="MRCube.Tests.Editor.BuildValidationTests.AndroidManifest_Exists" methodname="AndroidManifest_Exists" classname="MRCube.Tests.Editor.BuildValidationTests" runstate="Runnable" seed="1677618352" result="Passed" start-time="2025-07-25 08:54:27Z" end-time="2025-07-25 08:54:27Z" duration="0.000213" asserts="0">
                <properties>
                  <property name="retryIteration" value="0" />
                  <property name="repeatIteration" value="0" />
                </properties>
              </test-case>
              <test-case id="1011" name="AndroidManifest_HasCorrectVRCategory" fullname="MRCube.Tests.Editor.BuildValidationTests.AndroidManifest_HasCorrectVRCategory" methodname="AndroidManifest_HasCorrectVRCategory" classname="MRCube.Tests.Editor.BuildValidationTests" runstate="Runnable" seed="1824653823" result="Passed" start-time="2025-07-25 08:54:27Z" end-time="2025-07-25 08:54:27Z" duration="0.000351" asserts="0">
                <properties>
                  <property name="retryIteration" value="0" />
                  <property name="repeatIteration" value="0" />
                </properties>
              </test-case>
              <test-case id="1010" name="AndroidManifest_HasPassthroughFeature" fullname="MRCube.Tests.Editor.BuildValidationTests.AndroidManifest_HasPassthroughFeature" methodname="AndroidManifest_HasPassthroughFeature" classname="MRCube.Tests.Editor.BuildValidationTests" runstate="Runnable" seed="1819434360" result="Passed" start-time="2025-07-25 08:54:27Z" end-time="2025-07-25 08:54:27Z" duration="0.000287" asserts="0">
                <properties>
                  <property name="retryIteration" value="0" />
                  <property name="repeatIteration" value="0" />
                </properties>
              </test-case>
              <test-case id="1014" name="Build_CanSwitchToAndroidTarget" fullname="MRCube.Tests.Editor.BuildValidationTests.Build_CanSwitchToAndroidTarget" methodname="Build_CanSwitchToAndroidTarget" classname="MRCube.Tests.Editor.BuildValidationTests" runstate="Runnable" seed="286101035" result="Passed" start-time="2025-07-25 08:54:27Z" end-time="2025-07-25 08:54:27Z" duration="0.000628" asserts="0">
                <properties>
                  <property name="retryIteration" value="0" />
                  <property name="repeatIteration" value="0" />
                </properties>
              </test-case>
              <test-case id="1004" name="Project_HasCorrectBundleIdentifier" fullname="MRCube.Tests.Editor.BuildValidationTests.Project_HasCorrectBundleIdentifier" methodname="Project_HasCorrectBundleIdentifier" classname="MRCube.Tests.Editor.BuildValidationTests" runstate="Runnable" seed="36051867" result="Passed" start-time="2025-07-25 08:54:27Z" end-time="2025-07-25 08:54:27Z" duration="0.000160" asserts="0">
                <properties>
                  <property name="retryIteration" value="0" />
                  <property name="repeatIteration" value="0" />
                </properties>
              </test-case>
              <test-case id="1015" name="Project_HasCorrectColorSpace" fullname="MRCube.Tests.Editor.BuildValidationTests.Project_HasCorrectColorSpace" methodname="Project_HasCorrectColorSpace" classname="MRCube.Tests.Editor.BuildValidationTests" runstate="Runnable" seed="1582774914" result="Passed" start-time="2025-07-25 08:54:27Z" end-time="2025-07-25 08:54:27Z" duration="0.000081" asserts="0">
                <properties>
                  <property name="retryIteration" value="0" />
                  <property name="repeatIteration" value="0" />
                </properties>
              </test-case>
              <test-case id="1002" name="Project_HasCorrectCompanyName" fullname="MRCube.Tests.Editor.BuildValidationTests.Project_HasCorrectCompanyName" methodname="Project_HasCorrectCompanyName" classname="MRCube.Tests.Editor.BuildValidationTests" runstate="Runnable" seed="1759889468" result="Passed" start-time="2025-07-25 08:54:27Z" end-time="2025-07-25 08:54:27Z" duration="0.000144" asserts="0">
                <properties>
                  <property name="retryIteration" value="0" />
                  <property name="repeatIteration" value="0" />
                </properties>
              </test-case>
              <test-case id="1016" name="Project_HasCorrectGraphicsAPI" fullname="MRCube.Tests.Editor.BuildValidationTests.Project_HasCorrectGraphicsAPI" methodname="Project_HasCorrectGraphicsAPI" classname="MRCube.Tests.Editor.BuildValidationTests" runstate="Runnable" seed="2038768741" result="Passed" start-time="2025-07-25 08:54:27Z" end-time="2025-07-25 08:54:27Z" duration="0.000207" asserts="0">
                <properties>
                  <property name="retryIteration" value="0" />
                  <property name="repeatIteration" value="0" />
                </properties>
              </test-case>
              <test-case id="1003" name="Project_HasCorrectProductName" fullname="MRCube.Tests.Editor.BuildValidationTests.Project_HasCorrectProductName" methodname="Project_HasCorrectProductName" classname="MRCube.Tests.Editor.BuildValidationTests" runstate="Runnable" seed="1437169370" result="Passed" start-time="2025-07-25 08:54:27Z" end-time="2025-07-25 08:54:27Z" duration="0.000092" asserts="0">
                <properties>
                  <property name="retryIteration" value="0" />
                  <property name="repeatIteration" value="0" />
                </properties>
              </test-case>
              <test-case id="1008" name="Project_HasCorrectScriptingBackend" fullname="MRCube.Tests.Editor.BuildValidationTests.Project_HasCorrectScriptingBackend" methodname="Project_HasCorrectScriptingBackend" classname="MRCube.Tests.Editor.BuildValidationTests" runstate="Runnable" seed="956155911" result="Passed" start-time="2025-07-25 08:54:27Z" end-time="2025-07-25 08:54:27Z" duration="0.000062" asserts="0">
                <properties>
                  <property name="retryIteration" value="0" />
                  <property name="repeatIteration" value="0" />
                </properties>
              </test-case>
              <test-case id="1012" name="Project_HasRequiredPackages" fullname="MRCube.Tests.Editor.BuildValidationTests.Project_HasRequiredPackages" methodname="Project_HasRequiredPackages" classname="MRCube.Tests.Editor.BuildValidationTests" runstate="Runnable" seed="100937997" result="Passed" start-time="2025-07-25 08:54:27Z" end-time="2025-07-25 08:54:27Z" duration="0.000332" asserts="0">
                <properties>
                  <property name="retryIteration" value="0" />
                  <property name="repeatIteration" value="0" />
                </properties>
              </test-case>
              <test-case id="1013" name="Project_HasTestAssemblies" fullname="MRCube.Tests.Editor.BuildValidationTests.Project_HasTestAssemblies" methodname="Project_HasTestAssemblies" classname="MRCube.Tests.Editor.BuildValidationTests" runstate="Runnable" seed="1537524096" result="Passed" start-time="2025-07-25 08:54:27Z" end-time="2025-07-25 08:54:27Z" duration="0.000187" asserts="0">
                <properties>
                  <property name="retryIteration" value="0" />
                  <property name="repeatIteration" value="0" />
                </properties>
              </test-case>
              <test-case id="1017" name="Project_HasVREnabled" fullname="MRCube.Tests.Editor.BuildValidationTests.Project_HasVREnabled" methodname="Project_HasVREnabled" classname="MRCube.Tests.Editor.BuildValidationTests" runstate="Runnable" seed="529301464" result="Passed" start-time="2025-07-25 08:54:27Z" end-time="2025-07-25 08:54:27Z" duration="0.001147" asserts="0">
                <properties>
                  <property name="retryIteration" value="0" />
                  <property name="repeatIteration" value="0" />
                </properties>
                <output><![CDATA[VR settings test - using XR Management package for VR support
Saving results to: /Users/joshuapatterson/Library/Application Support/Joshua Patterson Dev/MR-Cube/TestResults.xml
]]></output>
              </test-case>
            </test-suite>
          </test-suite>
        </test-suite>
      </test-suite>
    </test-suite>
  </test-suite>
</test-run>